<?xml version="1.0" encoding="UTF-8"?>
<!-- Generated by org.testng.reporters.JUnitXMLReporter -->
<testsuite ignored="2" hostname="DESKTOP-R9F6DFD" failures="0" tests="3" name="Test" time="85.254" errors="0" timestamp="2024-08-08T18:31:30 IST">
  <testcase classname="com.nsw.gov.testclasses.TC001_VerifyMediaReleasePage" name="TS001_Task1" time="10.861"/>
  <testcase classname="com.nsw.gov.testclasses.TC002_VerifyMediaReleasePage_URL_AfterRemovingFilter" name="TS001_2_Task1" time="6.841"/>
  <testcase classname="com.nsw.gov.testclasses.TC003_VerifyMediaReleasePage_Url" name="TS002_Task2" time="19.688"/>
  <testcase classname="com.nsw.gov.framework.BaseClass" name="@BeforeTest beforeTest" time="0.0">
    <ignored/>
  </testcase> <!-- @BeforeTest beforeTest -->
  <testcase classname="com.nsw.gov.framework.BaseClass" name="@BeforeTest beforeTest" time="0.0">
    <ignored/>
  </testcase> <!-- @BeforeTest beforeTest -->
</testsuite> <!-- Test -->
