<?xml version="1.0" encoding="UTF-8"?>
<!-- Generated by org.testng.reporters.JUnitXMLReporter -->
<testsuite ignored="2" hostname="DESKTOP-R9F6DFD" failures="0" tests="3" name="Test" time="83.825" errors="0" timestamp="2024-08-08T19:11:32 IST">
  <testcase classname="com.nsw.gov.testclasses.TC001_VerifyMediaReleasePage" name="TS001_Task1" time="10.898"/>
  <testcase classname="com.nsw.gov.testclasses.TC002_VerifyMediaReleasePage_URL_AfterRemovingFilter" name="TS001_2_Task1" time="6.963"/>
  <testcase classname="com.nsw.gov.testclasses.TC003_VerifyMediaReleasePage_Url" name="TS002_Task2" time="19.526"/>
  <testcase classname="com.nsw.gov.framework.BaseClass" name="@BeforeTest beforeTest" time="0.0">
    <ignored/>
  </testcase> <!-- @BeforeTest beforeTest -->
  <testcase classname="com.nsw.gov.framework.BaseClass" name="@BeforeTest beforeTest" time="0.0">
    <ignored/>
  </testcase> <!-- @BeforeTest beforeTest -->
</testsuite> <!-- Test -->
