<?xml version="1.0" encoding="UTF-8"?>
<testng-results ignored="2" total="5" passed="3" failed="0" skipped="0">
  <reporter-output>
  </reporter-output>
  <suite started-at="2024-08-08T19:10:08 IST" name="Suite" finished-at="2024-08-08T19:11:32 IST" duration-ms="83825">
    <groups>
    </groups>
    <test started-at="2024-08-08T19:10:08 IST" name="Test" finished-at="2024-08-08T19:11:32 IST" duration-ms="83825">
      <class name="com.nsw.gov.testclasses.TC003_VerifyMediaReleasePage_Url">
        <test-method is-config="true" signature="setup()[pri:0, instance:com.nsw.gov.testclasses.TC003_VerifyMediaReleasePage_Url@10e31a9a]" started-at="2024-08-08T19:10:58 IST" name="setup" finished-at="2024-08-08T19:11:12 IST" duration-ms="14291" status="PASS">
          <reporter-output>
          </reporter-output>
        </test-method> <!-- setup -->
        <test-method signature="TS002_Task2()[pri:0, instance:com.nsw.gov.testclasses.TC003_VerifyMediaReleasePage_Url@10e31a9a]" started-at="2024-08-08T19:11:12 IST" name="TS002_Task2" finished-at="2024-08-08T19:11:31 IST" duration-ms="19526" status="PASS">
          <reporter-output>
          </reporter-output>
        </test-method> <!-- TS002_Task2 -->
        <test-method is-config="true" signature="tearDown()[pri:0, instance:com.nsw.gov.testclasses.TC003_VerifyMediaReleasePage_Url@10e31a9a]" started-at="2024-08-08T19:11:31 IST" name="tearDown" finished-at="2024-08-08T19:11:32 IST" duration-ms="902" status="PASS">
          <reporter-output>
          </reporter-output>
        </test-method> <!-- tearDown -->
      </class> <!-- com.nsw.gov.testclasses.TC003_VerifyMediaReleasePage_Url -->
      <class name="com.nsw.gov.testclasses.TC001_VerifyMediaReleasePage">
        <test-method is-config="true" signature="beforeTest()[pri:0, instance:com.nsw.gov.testclasses.TC001_VerifyMediaReleasePage@564fabc8]" started-at="2024-08-08T19:10:08 IST" name="beforeTest" finished-at="2024-08-08T19:10:09 IST" duration-ms="34" status="PASS">
          <reporter-output>
          </reporter-output>
        </test-method> <!-- beforeTest -->
        <test-method is-config="true" signature="setup()[pri:0, instance:com.nsw.gov.testclasses.TC001_VerifyMediaReleasePage@564fabc8]" started-at="2024-08-08T19:10:09 IST" name="setup" finished-at="2024-08-08T19:10:24 IST" duration-ms="15238" status="PASS">
          <reporter-output>
          </reporter-output>
        </test-method> <!-- setup -->
        <test-method signature="TS001_Task1()[pri:0, instance:com.nsw.gov.testclasses.TC001_VerifyMediaReleasePage@564fabc8]" started-at="2024-08-08T19:10:24 IST" name="TS001_Task1" finished-at="2024-08-08T19:10:35 IST" duration-ms="10898" status="PASS">
          <reporter-output>
          </reporter-output>
        </test-method> <!-- TS001_Task1 -->
        <test-method is-config="true" signature="tearDown()[pri:0, instance:com.nsw.gov.testclasses.TC001_VerifyMediaReleasePage@564fabc8]" started-at="2024-08-08T19:10:35 IST" name="tearDown" finished-at="2024-08-08T19:10:36 IST" duration-ms="1167" status="PASS">
          <reporter-output>
          </reporter-output>
        </test-method> <!-- tearDown -->
      </class> <!-- com.nsw.gov.testclasses.TC001_VerifyMediaReleasePage -->
      <class name="com.nsw.gov.testclasses.TC002_VerifyMediaReleasePage_URL_AfterRemovingFilter">
        <test-method is-config="true" signature="setup()[pri:0, instance:com.nsw.gov.testclasses.TC002_VerifyMediaReleasePage_URL_AfterRemovingFilter@3febb011]" started-at="2024-08-08T19:10:36 IST" name="setup" finished-at="2024-08-08T19:10:50 IST" duration-ms="13727" status="PASS">
          <reporter-output>
          </reporter-output>
        </test-method> <!-- setup -->
        <test-method signature="TS001_2_Task1()[pri:0, instance:com.nsw.gov.testclasses.TC002_VerifyMediaReleasePage_URL_AfterRemovingFilter@3febb011]" started-at="2024-08-08T19:10:50 IST" name="TS001_2_Task1" finished-at="2024-08-08T19:10:57 IST" duration-ms="6963" status="PASS">
          <reporter-output>
          </reporter-output>
        </test-method> <!-- TS001_2_Task1 -->
        <test-method is-config="true" signature="tearDown()[pri:0, instance:com.nsw.gov.testclasses.TC002_VerifyMediaReleasePage_URL_AfterRemovingFilter@3febb011]" started-at="2024-08-08T19:10:57 IST" name="tearDown" finished-at="2024-08-08T19:10:58 IST" duration-ms="947" status="PASS">
          <reporter-output>
          </reporter-output>
        </test-method> <!-- tearDown -->
      </class> <!-- com.nsw.gov.testclasses.TC002_VerifyMediaReleasePage_URL_AfterRemovingFilter -->
    </test> <!-- Test -->
  </suite> <!-- Suite -->
</testng-results>
