<?xml version="1.0" encoding="UTF-8"?>
<testng-results ignored="2" total="5" passed="3" failed="0" skipped="0">
  <reporter-output>
  </reporter-output>
  <suite started-at="2024-08-08T18:30:05 IST" name="Suite" finished-at="2024-08-08T18:31:30 IST" duration-ms="85254">
    <groups>
    </groups>
    <test started-at="2024-08-08T18:30:05 IST" name="Test" finished-at="2024-08-08T18:31:30 IST" duration-ms="85254">
      <class name="com.nsw.gov.testclasses.TC003_VerifyMediaReleasePage_Url">
        <test-method is-config="true" signature="setup()[pri:0, instance:com.nsw.gov.testclasses.TC003_VerifyMediaReleasePage_Url@10e31a9a]" started-at="2024-08-08T18:30:55 IST" name="setup" finished-at="2024-08-08T18:31:10 IST" duration-ms="14264" status="PASS">
          <reporter-output>
          </reporter-output>
        </test-method> <!-- setup -->
        <test-method signature="TS002_Task2()[pri:0, instance:com.nsw.gov.testclasses.TC003_VerifyMediaReleasePage_Url@10e31a9a]" started-at="2024-08-08T18:31:10 IST" name="TS002_Task2" finished-at="2024-08-08T18:31:29 IST" duration-ms="19688" status="PASS">
          <reporter-output>
          </reporter-output>
        </test-method> <!-- TS002_Task2 -->
        <test-method is-config="true" signature="tearDown()[pri:0, instance:com.nsw.gov.testclasses.TC003_VerifyMediaReleasePage_Url@10e31a9a]" started-at="2024-08-08T18:31:29 IST" name="tearDown" finished-at="2024-08-08T18:31:30 IST" duration-ms="962" status="PASS">
          <reporter-output>
          </reporter-output>
        </test-method> <!-- tearDown -->
      </class> <!-- com.nsw.gov.testclasses.TC003_VerifyMediaReleasePage_Url -->
      <class name="com.nsw.gov.testclasses.TC001_VerifyMediaReleasePage">
        <test-method is-config="true" signature="beforeTest()[pri:0, instance:com.nsw.gov.testclasses.TC001_VerifyMediaReleasePage@564fabc8]" started-at="2024-08-08T18:30:05 IST" name="beforeTest" finished-at="2024-08-08T18:30:05 IST" duration-ms="26" status="PASS">
          <reporter-output>
          </reporter-output>
        </test-method> <!-- beforeTest -->
        <test-method is-config="true" signature="setup()[pri:0, instance:com.nsw.gov.testclasses.TC001_VerifyMediaReleasePage@564fabc8]" started-at="2024-08-08T18:30:05 IST" name="setup" finished-at="2024-08-08T18:30:20 IST" duration-ms="15258" status="PASS">
          <reporter-output>
          </reporter-output>
        </test-method> <!-- setup -->
        <test-method signature="TS001_Task1()[pri:0, instance:com.nsw.gov.testclasses.TC001_VerifyMediaReleasePage@564fabc8]" started-at="2024-08-08T18:30:21 IST" name="TS001_Task1" finished-at="2024-08-08T18:30:31 IST" duration-ms="10861" status="PASS">
          <reporter-output>
          </reporter-output>
        </test-method> <!-- TS001_Task1 -->
        <test-method is-config="true" signature="tearDown()[pri:0, instance:com.nsw.gov.testclasses.TC001_VerifyMediaReleasePage@564fabc8]" started-at="2024-08-08T18:30:31 IST" name="tearDown" finished-at="2024-08-08T18:30:32 IST" duration-ms="1024" status="PASS">
          <reporter-output>
          </reporter-output>
        </test-method> <!-- tearDown -->
      </class> <!-- com.nsw.gov.testclasses.TC001_VerifyMediaReleasePage -->
      <class name="com.nsw.gov.testclasses.TC002_VerifyMediaReleasePage_URL_AfterRemovingFilter">
        <test-method is-config="true" signature="setup()[pri:0, instance:com.nsw.gov.testclasses.TC002_VerifyMediaReleasePage_URL_AfterRemovingFilter@3febb011]" started-at="2024-08-08T18:30:32 IST" name="setup" finished-at="2024-08-08T18:30:46 IST" duration-ms="13694" status="PASS">
          <reporter-output>
          </reporter-output>
        </test-method> <!-- setup -->
        <test-method signature="TS001_2_Task1()[pri:0, instance:com.nsw.gov.testclasses.TC002_VerifyMediaReleasePage_URL_AfterRemovingFilter@3febb011]" started-at="2024-08-08T18:30:46 IST" name="TS001_2_Task1" finished-at="2024-08-08T18:30:53 IST" duration-ms="6841" status="PASS">
          <reporter-output>
          </reporter-output>
        </test-method> <!-- TS001_2_Task1 -->
        <test-method is-config="true" signature="tearDown()[pri:0, instance:com.nsw.gov.testclasses.TC002_VerifyMediaReleasePage_URL_AfterRemovingFilter@3febb011]" started-at="2024-08-08T18:30:53 IST" name="tearDown" finished-at="2024-08-08T18:30:55 IST" duration-ms="2537" status="PASS">
          <reporter-output>
          </reporter-output>
        </test-method> <!-- tearDown -->
      </class> <!-- com.nsw.gov.testclasses.TC002_VerifyMediaReleasePage_URL_AfterRemovingFilter -->
    </test> <!-- Test -->
  </suite> <!-- Suite -->
</testng-results>
